La génération a démarré 21/10/2015 22:45:14.
     1>Projet "M:\Game\Solitaire\Solitaire\Solitaire.vcxproj" sur le nœud 2 (build cible(s)).
     1>InitializeBuildStatus:
         Création de "Release\Solitaire.unsuccessfulbuild", car "AlwaysCreate" a été spécifié.
       ClCompile:
         C:\Program Files (x86)\Microsoft Visual Studio 10.0\VC\bin\CL.exe /c /I"M:\LibCPP\SFML-2.3.2\include" /Zi /nologo /W3 /WX- /O2 /Oi /Oy- /GL /D _MBCS /Gm- /EHsc /MD /GS /Gy /fp:precise /Zc:wchar_t /Zc:forScope /Fo"Release\\" /Fd"Release\vc100.pdb" /Gd /TP /analyze- /errorReport:prompt main.cpp
         main.cpp
       Link:
         C:\Program Files (x86)\Microsoft Visual Studio 10.0\VC\bin\link.exe /ERRORREPORT:PROMPT /OUT:"M:\Game\Solitaire\Release\Solitaire.exe" /NOLOGO /LIBPATH:"M:\LibCPP\SFML-2.3.2\lib" "sfml-graphics.lib" "sfml-window.lib" "sfml-system.lib" kernel32.lib user32.lib gdi32.lib winspool.lib comdlg32.lib advapi32.lib shell32.lib ole32.lib oleaut32.lib uuid.lib odbc32.lib odbccp32.lib /MANIFEST /ManifestFile:"Release\Solitaire.exe.intermediate.manifest" /MANIFESTUAC:"level='asInvoker' uiAccess='false'" /DEBUG /PDB:"M:\Game\Solitaire\Release\Solitaire.pdb" /OPT:REF /OPT:ICF /LTCG /TLBID:1 /DYNAMICBASE /NXCOMPAT /IMPLIB:"M:\Game\Solitaire\Release\Solitaire.lib" /MACHINE:X86 Release\main.obj
         Génération de code en cours
     1>m:\game\solitaire\solitaire\main.cpp(30): warning C4715: 'displayMenu' : les chemins de contrôle ne retournent pas tous une valeur
         Fin de la génération du code
         Solitaire.vcxproj -> M:\Game\Solitaire\Release\Solitaire.exe
       Manifest:
         C:\Program Files (x86)\Microsoft SDKs\Windows\v7.0A\bin\mt.exe /nologo /verbose /outputresource:"M:\Game\Solitaire\Release\Solitaire.exe;#1" /manifest Release\Solitaire.exe.intermediate.manifest
       FinalizeBuildStatus:
         Suppression du fichier "Release\Solitaire.unsuccessfulbuild".
         Mise à jour de l'horodatage "Release\Solitaire.lastbuildstate".
     1>Génération du projet "M:\Game\Solitaire\Solitaire\Solitaire.vcxproj" terminée (build cible(s)).

La génération a réussi.

Temps écoulé 00:00:00.86
